android/app/build/intermediates/manifest_merge_blame_file/release/manifest-merger-blame-release-report.txt
1<?xml version="1.0" encoding="utf-8"?>
2<manifest xmlns:android="http://schemas.android.com/apk/res/android"
3    package="com.tovelop.maphant"
4    android:versionCode="1"
5    android:versionName="1.0.0" >
6
7    <uses-sdk
8        android:minSdkVersion="21"
8-->src/main/AndroidManifest.xml
9        android:targetSdkVersion="33" />
9-->src/main/AndroidManifest.xml
10
11    <uses-permission android:name="android.permission.INTERNET" />
11-->src/main/AndroidManifest.xml:2:3-64
11-->src/main/AndroidManifest.xml:2:20-62
12    <uses-permission android:name="android.permission.READ_EXTERNAL_STORAGE" />
12-->src/main/AndroidManifest.xml:3:3-77
12-->src/main/AndroidManifest.xml:3:20-75
13    <uses-permission android:name="android.permission.RECORD_AUDIO" />
13-->src/main/AndroidManifest.xml:4:3-68
13-->src/main/AndroidManifest.xml:4:20-66
14    <uses-permission android:name="android.permission.SYSTEM_ALERT_WINDOW" />
14-->src/main/AndroidManifest.xml:5:3-75
14-->src/main/AndroidManifest.xml:5:20-73
15    <uses-permission android:name="android.permission.VIBRATE" />
15-->src/main/AndroidManifest.xml:6:3-63
15-->src/main/AndroidManifest.xml:6:20-61
16    <uses-permission android:name="android.permission.WRITE_EXTERNAL_STORAGE" />
16-->src/main/AndroidManifest.xml:7:3-78
16-->src/main/AndroidManifest.xml:7:20-76
17
18    <queries>
18-->src/main/AndroidManifest.xml:8:3-14:13
19        <intent>
19-->src/main/AndroidManifest.xml:9:5-13:14
20            <action android:name="android.intent.action.VIEW" />
20-->src/main/AndroidManifest.xml:10:7-58
20-->src/main/AndroidManifest.xml:10:15-56
21
22            <category android:name="android.intent.category.BROWSABLE" />
22-->src/main/AndroidManifest.xml:11:7-67
22-->src/main/AndroidManifest.xml:11:17-65
23
24            <data android:scheme="https" />
24-->src/main/AndroidManifest.xml:12:7-37
24-->src/main/AndroidManifest.xml:12:13-35
25        </intent>
26        <!-- Query open documents -->
27        <intent>
27-->[:expo-file-system] AndroidManifest.xml:15:9-17:18
28            <action android:name="android.intent.action.OPEN_DOCUMENT_TREE" />
28-->[:expo-file-system] AndroidManifest.xml:16:13-79
28-->[:expo-file-system] AndroidManifest.xml:16:21-76
29        </intent>
30        <intent>
30-->[:expo-image-picker] AndroidManifest.xml:16:9-20:18
31
32            <!-- Required for picking images from the camera roll if targeting API 30 -->
33            <action android:name="android.media.action.IMAGE_CAPTURE" />
33-->[:expo-image-picker] AndroidManifest.xml:19:13-73
33-->[:expo-image-picker] AndroidManifest.xml:19:21-70
34        </intent>
35        <intent>
35-->[:expo-image-picker] AndroidManifest.xml:21:9-25:18
36
37            <!-- Required for picking images from the camera if targeting API 30 -->
38            <action android:name="android.media.action.ACTION_VIDEO_CAPTURE" />
38-->[:expo-image-picker] AndroidManifest.xml:24:13-80
38-->[:expo-image-picker] AndroidManifest.xml:24:21-77
39        </intent>
40        <intent>
40-->[com.github.CanHub:Android-Image-Cropper:4.3.0] AndroidManifest.xml:10:9-16:18
41            <action android:name="android.intent.action.GET_CONTENT" />
41-->[com.github.CanHub:Android-Image-Cropper:4.3.0] AndroidManifest.xml:11:13-72
41-->[com.github.CanHub:Android-Image-Cropper:4.3.0] AndroidManifest.xml:11:21-69
42
43            <category android:name="android.intent.category.OPENABLE" />
43-->[com.github.CanHub:Android-Image-Cropper:4.3.0] AndroidManifest.xml:13:13-73
43-->[com.github.CanHub:Android-Image-Cropper:4.3.0] AndroidManifest.xml:13:23-70
44
45            <data android:mimeType="*/*" />
45-->src/main/AndroidManifest.xml:12:7-37
46        </intent>
47    </queries>
48
49    <uses-permission android:name="android.permission.WAKE_LOCK" />
49-->[:react-native-firebase_messaging] AndroidManifest.xml:8:5-68
49-->[:react-native-firebase_messaging] AndroidManifest.xml:8:22-65
50    <uses-permission android:name="android.permission.ACCESS_NETWORK_STATE" /> <!-- Required for picking images from camera directly -->
50-->[:react-native-firebase_messaging] AndroidManifest.xml:9:5-79
50-->[:react-native-firebase_messaging] AndroidManifest.xml:9:22-76
51    <uses-permission android:name="android.permission.CAMERA" />
51-->[:expo-image-picker] AndroidManifest.xml:7:5-65
51-->[:expo-image-picker] AndroidManifest.xml:7:22-62
52    <uses-permission android:name="android.permission.READ_MEDIA_IMAGES" />
52-->[:expo-image-picker] AndroidManifest.xml:12:5-76
52-->[:expo-image-picker] AndroidManifest.xml:12:22-73
53    <uses-permission android:name="android.permission.READ_MEDIA_VIDEO" />
53-->[:expo-image-picker] AndroidManifest.xml:13:5-75
53-->[:expo-image-picker] AndroidManifest.xml:13:22-72
54    <uses-permission android:name="android.permission.RECEIVE_BOOT_COMPLETED" />
54-->[:expo-notifications] AndroidManifest.xml:7:5-81
54-->[:expo-notifications] AndroidManifest.xml:7:22-78
55    <uses-permission android:name="android.permission.POST_NOTIFICATIONS" />
55-->[:expo-notifications] AndroidManifest.xml:8:5-77
55-->[:expo-notifications] AndroidManifest.xml:8:22-74
56    <uses-permission android:name="android.permission.USE_BIOMETRIC" /> <!-- suppress DeprecatedClassUsageInspection -->
56-->[androidx.biometric:biometric:1.1.0] AndroidManifest.xml:24:5-72
56-->[androidx.biometric:biometric:1.1.0] AndroidManifest.xml:24:22-69
57    <uses-permission android:name="android.permission.USE_FINGERPRINT" /> <!-- Required by older versions of Google Play services to create IID tokens -->
57-->[androidx.biometric:biometric:1.1.0] AndroidManifest.xml:27:5-74
57-->[androidx.biometric:biometric:1.1.0] AndroidManifest.xml:27:22-71
58    <uses-permission android:name="com.google.android.c2dm.permission.RECEIVE" />
58-->[com.google.firebase:firebase-messaging:23.1.2] AndroidManifest.xml:28:5-82
58-->[com.google.firebase:firebase-messaging:23.1.2] AndroidManifest.xml:28:22-79
59    <uses-permission android:name="com.google.android.finsky.permission.BIND_GET_INSTALL_REFERRER_SERVICE" /> <!-- for android -->
59-->[com.android.installreferrer:installreferrer:1.0] AndroidManifest.xml:9:5-110
59-->[com.android.installreferrer:installreferrer:1.0] AndroidManifest.xml:9:22-107
60    <!-- <uses-permission android:name="com.android.launcher.permission.READ_SETTINGS"/> -->
61    <!-- <uses-permission android:name="com.android.launcher.permission.WRITE_SETTINGS"/> -->
62    <!-- <uses-permission android:name="com.android.launcher.permission.INSTALL_SHORTCUT" /> -->
63    <!-- <uses-permission android:name="com.android.launcher.permission.UNINSTALL_SHORTCUT" /> -->
64    <!-- for Samsung -->
65    <uses-permission android:name="com.sec.android.provider.badge.permission.READ" />
65-->[me.leolin:ShortcutBadger:1.1.22] AndroidManifest.xml:19:5-86
65-->[me.leolin:ShortcutBadger:1.1.22] AndroidManifest.xml:19:22-83
66    <uses-permission android:name="com.sec.android.provider.badge.permission.WRITE" /> <!-- for htc -->
66-->[me.leolin:ShortcutBadger:1.1.22] AndroidManifest.xml:20:5-87
66-->[me.leolin:ShortcutBadger:1.1.22] AndroidManifest.xml:20:22-84
67    <uses-permission android:name="com.htc.launcher.permission.READ_SETTINGS" />
67-->[me.leolin:ShortcutBadger:1.1.22] AndroidManifest.xml:23:5-81
67-->[me.leolin:ShortcutBadger:1.1.22] AndroidManifest.xml:23:22-78
68    <uses-permission android:name="com.htc.launcher.permission.UPDATE_SHORTCUT" /> <!-- for sony -->
68-->[me.leolin:ShortcutBadger:1.1.22] AndroidManifest.xml:24:5-83
68-->[me.leolin:ShortcutBadger:1.1.22] AndroidManifest.xml:24:22-80
69    <uses-permission android:name="com.sonyericsson.home.permission.BROADCAST_BADGE" />
69-->[me.leolin:ShortcutBadger:1.1.22] AndroidManifest.xml:27:5-88
69-->[me.leolin:ShortcutBadger:1.1.22] AndroidManifest.xml:27:22-85
70    <uses-permission android:name="com.sonymobile.home.permission.PROVIDER_INSERT_BADGE" /> <!-- for apex -->
70-->[me.leolin:ShortcutBadger:1.1.22] AndroidManifest.xml:28:5-92
70-->[me.leolin:ShortcutBadger:1.1.22] AndroidManifest.xml:28:22-89
71    <uses-permission android:name="com.anddoes.launcher.permission.UPDATE_COUNT" /> <!-- for solid -->
71-->[me.leolin:ShortcutBadger:1.1.22] AndroidManifest.xml:31:5-84
71-->[me.leolin:ShortcutBadger:1.1.22] AndroidManifest.xml:31:22-81
72    <uses-permission android:name="com.majeur.launcher.permission.UPDATE_BADGE" /> <!-- for huawei -->
72-->[me.leolin:ShortcutBadger:1.1.22] AndroidManifest.xml:34:5-83
72-->[me.leolin:ShortcutBadger:1.1.22] AndroidManifest.xml:34:22-80
73    <uses-permission android:name="com.huawei.android.launcher.permission.CHANGE_BADGE" />
73-->[me.leolin:ShortcutBadger:1.1.22] AndroidManifest.xml:37:5-91
73-->[me.leolin:ShortcutBadger:1.1.22] AndroidManifest.xml:37:22-88
74    <uses-permission android:name="com.huawei.android.launcher.permission.READ_SETTINGS" />
74-->[me.leolin:ShortcutBadger:1.1.22] AndroidManifest.xml:38:5-92
74-->[me.leolin:ShortcutBadger:1.1.22] AndroidManifest.xml:38:22-89
75    <uses-permission android:name="com.huawei.android.launcher.permission.WRITE_SETTINGS" /> <!-- for ZUK -->
75-->[me.leolin:ShortcutBadger:1.1.22] AndroidManifest.xml:39:5-93
75-->[me.leolin:ShortcutBadger:1.1.22] AndroidManifest.xml:39:22-90
76    <uses-permission android:name="android.permission.READ_APP_BADGE" /> <!-- for OPPO -->
76-->[me.leolin:ShortcutBadger:1.1.22] AndroidManifest.xml:42:5-73
76-->[me.leolin:ShortcutBadger:1.1.22] AndroidManifest.xml:42:22-70
77    <uses-permission android:name="com.oppo.launcher.permission.READ_SETTINGS" />
77-->[me.leolin:ShortcutBadger:1.1.22] AndroidManifest.xml:45:5-82
77-->[me.leolin:ShortcutBadger:1.1.22] AndroidManifest.xml:45:22-79
78    <uses-permission android:name="com.oppo.launcher.permission.WRITE_SETTINGS" /> <!-- for EvMe -->
78-->[me.leolin:ShortcutBadger:1.1.22] AndroidManifest.xml:46:5-83
78-->[me.leolin:ShortcutBadger:1.1.22] AndroidManifest.xml:46:22-80
79    <uses-permission android:name="me.everything.badger.permission.BADGE_COUNT_READ" />
79-->[me.leolin:ShortcutBadger:1.1.22] AndroidManifest.xml:49:5-88
79-->[me.leolin:ShortcutBadger:1.1.22] AndroidManifest.xml:49:22-85
80    <uses-permission android:name="me.everything.badger.permission.BADGE_COUNT_WRITE" />
80-->[me.leolin:ShortcutBadger:1.1.22] AndroidManifest.xml:50:5-89
80-->[me.leolin:ShortcutBadger:1.1.22] AndroidManifest.xml:50:22-86
81
82    <application
82-->src/main/AndroidManifest.xml:15:3-34:17
83        android:name="com.tovelop.maphant.MainApplication"
83-->src/main/AndroidManifest.xml:15:16-47
84        android:allowBackup="true"
84-->src/main/AndroidManifest.xml:15:162-188
85        android:appComponentFactory="androidx.core.app.CoreComponentFactory"
85-->[androidx.core:core:1.7.0] AndroidManifest.xml:24:18-86
86        android:icon="@mipmap/ic_launcher"
86-->src/main/AndroidManifest.xml:15:81-115
87        android:label="@string/app_name"
87-->src/main/AndroidManifest.xml:15:48-80
88        android:roundIcon="@mipmap/ic_launcher_round"
88-->src/main/AndroidManifest.xml:15:116-161
89        android:theme="@style/AppTheme"
89-->src/main/AndroidManifest.xml:15:189-220
90        android:usesCleartextTraffic="true" >
90-->src/main/AndroidManifest.xml:15:221-256
91        <meta-data
91-->src/main/AndroidManifest.xml:16:5-82
92            android:name="expo.modules.updates.ENABLED"
92-->src/main/AndroidManifest.xml:16:16-59
93            android:value="true" />
93-->src/main/AndroidManifest.xml:16:60-80
94        <meta-data
94-->src/main/AndroidManifest.xml:17:5-93
95            android:name="expo.modules.updates.EXPO_SDK_VERSION"
95-->src/main/AndroidManifest.xml:17:16-68
96            android:value="48.0.0" />
96-->src/main/AndroidManifest.xml:17:69-91
97        <meta-data
97-->src/main/AndroidManifest.xml:18:5-105
98            android:name="expo.modules.updates.EXPO_UPDATES_CHECK_ON_LAUNCH"
98-->src/main/AndroidManifest.xml:18:16-80
99            android:value="ALWAYS" />
99-->src/main/AndroidManifest.xml:18:81-103
100        <meta-data
100-->src/main/AndroidManifest.xml:19:5-99
101            android:name="expo.modules.updates.EXPO_UPDATES_LAUNCH_WAIT_MS"
101-->src/main/AndroidManifest.xml:19:16-79
102            android:value="0" />
102-->src/main/AndroidManifest.xml:19:80-97
103        <meta-data
103-->src/main/AndroidManifest.xml:20:5-120
104            android:name="expo.modules.updates.EXPO_UPDATE_URL"
104-->src/main/AndroidManifest.xml:20:16-67
105            android:value="https://exp.host/@anonymous/my-app" />
105-->src/main/AndroidManifest.xml:20:68-118
106
107        <activity
107-->src/main/AndroidManifest.xml:21:5-32:16
108            android:name="com.tovelop.maphant.MainActivity"
108-->src/main/AndroidManifest.xml:21:15-43
109            android:configChanges="keyboard|keyboardHidden|orientation|screenSize|uiMode"
109-->src/main/AndroidManifest.xml:21:77-154
110            android:exported="true"
110-->src/main/AndroidManifest.xml:21:276-299
111            android:label="@string/app_name"
111-->src/main/AndroidManifest.xml:21:44-76
112            android:launchMode="singleTask"
112-->src/main/AndroidManifest.xml:21:155-186
113            android:screenOrientation="portrait"
113-->src/main/AndroidManifest.xml:21:300-336
114            android:theme="@style/Theme.App.SplashScreen"
114-->src/main/AndroidManifest.xml:21:230-275
115            android:windowSoftInputMode="adjustResize" >
115-->src/main/AndroidManifest.xml:21:187-229
116            <intent-filter>
116-->src/main/AndroidManifest.xml:22:7-25:23
117                <action android:name="android.intent.action.MAIN" />
117-->src/main/AndroidManifest.xml:23:9-60
117-->src/main/AndroidManifest.xml:23:17-58
118
119                <category android:name="android.intent.category.LAUNCHER" />
119-->src/main/AndroidManifest.xml:24:9-68
119-->src/main/AndroidManifest.xml:24:19-66
120            </intent-filter>
121            <intent-filter>
121-->src/main/AndroidManifest.xml:26:7-31:23
122                <action android:name="android.intent.action.VIEW" />
122-->src/main/AndroidManifest.xml:10:7-58
122-->src/main/AndroidManifest.xml:10:15-56
123
124                <category android:name="android.intent.category.DEFAULT" />
124-->src/main/AndroidManifest.xml:28:9-67
124-->src/main/AndroidManifest.xml:28:19-65
125                <category android:name="android.intent.category.BROWSABLE" />
125-->src/main/AndroidManifest.xml:11:7-67
125-->src/main/AndroidManifest.xml:11:17-65
126
127                <data android:scheme="com.tovelop.maphant" />
127-->src/main/AndroidManifest.xml:12:7-37
127-->src/main/AndroidManifest.xml:12:13-35
128            </intent-filter>
129        </activity>
130        <activity
130-->src/main/AndroidManifest.xml:33:5-106
131            android:name="com.facebook.react.devsupport.DevSettingsActivity"
131-->src/main/AndroidManifest.xml:33:15-79
132            android:exported="false" />
132-->src/main/AndroidManifest.xml:33:80-104
133
134        <service
134-->[:react-native-firebase_messaging] AndroidManifest.xml:12:9-14:40
135            android:name="io.invertase.firebase.messaging.ReactNativeFirebaseMessagingHeadlessService"
135-->[:react-native-firebase_messaging] AndroidManifest.xml:13:13-103
136            android:exported="false" />
136-->[:react-native-firebase_messaging] AndroidManifest.xml:14:13-37
137        <service
137-->[:react-native-firebase_messaging] AndroidManifest.xml:15:9-21:19
138            android:name="io.invertase.firebase.messaging.ReactNativeFirebaseMessagingService"
138-->[:react-native-firebase_messaging] AndroidManifest.xml:16:13-95
139            android:exported="false" >
139-->[:react-native-firebase_messaging] AndroidManifest.xml:17:13-37
140            <intent-filter>
140-->[:react-native-firebase_messaging] AndroidManifest.xml:18:13-20:29
141                <action android:name="com.google.firebase.MESSAGING_EVENT" />
141-->[:react-native-firebase_messaging] AndroidManifest.xml:19:17-78
141-->[:react-native-firebase_messaging] AndroidManifest.xml:19:25-75
142            </intent-filter>
143        </service>
144
145        <receiver
145-->[:react-native-firebase_messaging] AndroidManifest.xml:23:9-30:20
146            android:name="io.invertase.firebase.messaging.ReactNativeFirebaseMessagingReceiver"
146-->[:react-native-firebase_messaging] AndroidManifest.xml:24:13-96
147            android:exported="true"
147-->[:react-native-firebase_messaging] AndroidManifest.xml:25:13-36
148            android:permission="com.google.android.c2dm.permission.SEND" >
148-->[:react-native-firebase_messaging] AndroidManifest.xml:26:13-73
149            <intent-filter>
149-->[:react-native-firebase_messaging] AndroidManifest.xml:27:13-29:29
150                <action android:name="com.google.android.c2dm.intent.RECEIVE" />
150-->[:react-native-firebase_messaging] AndroidManifest.xml:28:17-81
150-->[:react-native-firebase_messaging] AndroidManifest.xml:28:25-78
151            </intent-filter>
152        </receiver>
153
154        <meta-data
154-->[:react-native-firebase_messaging] AndroidManifest.xml:32:9-34:36
155            android:name="firebase_messaging_auto_init_enabled"
155-->[:react-native-firebase_messaging] AndroidManifest.xml:33:13-64
156            android:value="true" />
156-->[:react-native-firebase_messaging] AndroidManifest.xml:34:13-33
157        <meta-data
157-->[:react-native-firebase_messaging] AndroidManifest.xml:35:9-37:32
158            android:name="com.google.firebase.messaging.default_notification_channel_id"
158-->[:react-native-firebase_messaging] AndroidManifest.xml:36:13-89
159            android:value="" />
159-->[:react-native-firebase_messaging] AndroidManifest.xml:37:13-29
160        <meta-data
160-->[:react-native-firebase_messaging] AndroidManifest.xml:38:9-40:47
161            android:name="com.google.firebase.messaging.default_notification_color"
161-->[:react-native-firebase_messaging] AndroidManifest.xml:39:13-84
162            android:resource="@color/white" />
162-->[:react-native-firebase_messaging] AndroidManifest.xml:40:13-44
163        <meta-data
163-->[:react-native-firebase_app] AndroidManifest.xml:9:9-11:36
164            android:name="app_data_collection_default_enabled"
164-->[:react-native-firebase_app] AndroidManifest.xml:10:13-63
165            android:value="true" />
165-->[:react-native-firebase_app] AndroidManifest.xml:11:13-33
166
167        <service
167-->[:react-native-firebase_app] AndroidManifest.xml:13:9-21:19
168            android:name="com.google.firebase.components.ComponentDiscoveryService"
168-->[:react-native-firebase_app] AndroidManifest.xml:14:13-84
169            android:directBootAware="true"
169-->[:react-native-firebase_app] AndroidManifest.xml:15:13-43
170            android:exported="false" >
170-->[:react-native-firebase_app] AndroidManifest.xml:16:13-37
171            <meta-data
171-->[:react-native-firebase_app] AndroidManifest.xml:18:13-20:85
172                android:name="com.google.firebase.components:io.invertase.firebase.app.ReactNativeFirebaseAppRegistrar"
172-->[:react-native-firebase_app] AndroidManifest.xml:19:17-120
173                android:value="com.google.firebase.components.ComponentRegistrar" />
173-->[:react-native-firebase_app] AndroidManifest.xml:20:17-82
174            <meta-data
174-->[com.google.firebase:firebase-messaging:23.1.2] AndroidManifest.xml:55:13-57:85
175                android:name="com.google.firebase.components:com.google.firebase.messaging.FirebaseMessagingRegistrar"
175-->[com.google.firebase:firebase-messaging:23.1.2] AndroidManifest.xml:56:17-119
176                android:value="com.google.firebase.components.ComponentRegistrar" />
176-->[com.google.firebase:firebase-messaging:23.1.2] AndroidManifest.xml:57:17-82
177            <meta-data
177-->[com.google.firebase:firebase-datatransport:18.1.7] AndroidManifest.xml:27:13-29:85
178                android:name="com.google.firebase.components:com.google.firebase.datatransport.TransportRegistrar"
178-->[com.google.firebase:firebase-datatransport:18.1.7] AndroidManifest.xml:28:17-115
179                android:value="com.google.firebase.components.ComponentRegistrar" />
179-->[com.google.firebase:firebase-datatransport:18.1.7] AndroidManifest.xml:29:17-82
180            <meta-data
180-->[com.google.firebase:firebase-installations:17.1.3] AndroidManifest.xml:17:13-19:85
181                android:name="com.google.firebase.components:com.google.firebase.installations.FirebaseInstallationsRegistrar"
181-->[com.google.firebase:firebase-installations:17.1.3] AndroidManifest.xml:18:17-127
182                android:value="com.google.firebase.components.ComponentRegistrar" />
182-->[com.google.firebase:firebase-installations:17.1.3] AndroidManifest.xml:19:17-82
183        </service>
184
185        <provider
185-->[:react-native-firebase_app] AndroidManifest.xml:23:9-27:38
186            android:name="io.invertase.firebase.app.ReactNativeFirebaseAppInitProvider"
186-->[:react-native-firebase_app] AndroidManifest.xml:24:13-88
187            android:authorities="com.tovelop.maphant.reactnativefirebaseappinitprovider"
187-->[:react-native-firebase_app] AndroidManifest.xml:25:13-86
188            android:exported="false"
188-->[:react-native-firebase_app] AndroidManifest.xml:26:13-37
189            android:initOrder="99" />
189-->[:react-native-firebase_app] AndroidManifest.xml:27:13-35
190        <provider
190-->[:expo-file-system] AndroidManifest.xml:21:9-30:20
191            android:name="expo.modules.filesystem.FileSystemFileProvider"
191-->[:expo-file-system] AndroidManifest.xml:22:13-74
192            android:authorities="com.tovelop.maphant.FileSystemFileProvider"
192-->[:expo-file-system] AndroidManifest.xml:23:13-74
193            android:exported="false"
193-->[:expo-file-system] AndroidManifest.xml:24:13-37
194            android:grantUriPermissions="true" >
194-->[:expo-file-system] AndroidManifest.xml:25:13-47
195            <meta-data
195-->[:expo-file-system] AndroidManifest.xml:27:13-29:70
196                android:name="android.support.FILE_PROVIDER_PATHS"
196-->[:expo-file-system] AndroidManifest.xml:28:17-67
197                android:resource="@xml/file_system_provider_paths" />
197-->[:expo-file-system] AndroidManifest.xml:29:17-67
198        </provider>
199
200        <activity
200-->[:expo-image-picker] AndroidManifest.xml:29:9-31:59
201            android:name="com.canhub.cropper.CropImageActivity"
201-->[:expo-image-picker] AndroidManifest.xml:30:13-64
202            android:exported="true"
202-->[com.github.CanHub:Android-Image-Cropper:4.3.0] AndroidManifest.xml:35:13-36
203            android:theme="@style/Base.Theme.AppCompat" /> <!-- https://developer.android.com/guide/topics/manifest/provider-element.html -->
203-->[:expo-image-picker] AndroidManifest.xml:31:13-56
204        <provider
204-->[:expo-image-picker] AndroidManifest.xml:33:9-41:20
205            android:name="expo.modules.imagepicker.fileprovider.ImagePickerFileProvider"
205-->[:expo-image-picker] AndroidManifest.xml:34:13-89
206            android:authorities="com.tovelop.maphant.ImagePickerFileProvider"
206-->[:expo-image-picker] AndroidManifest.xml:35:13-75
207            android:exported="false"
207-->[:expo-image-picker] AndroidManifest.xml:36:13-37
208            android:grantUriPermissions="true" >
208-->[:expo-image-picker] AndroidManifest.xml:37:13-47
209            <meta-data
209-->[:expo-file-system] AndroidManifest.xml:27:13-29:70
210                android:name="android.support.FILE_PROVIDER_PATHS"
210-->[:expo-file-system] AndroidManifest.xml:28:17-67
211                android:resource="@xml/image_picker_provider_paths" />
211-->[:expo-file-system] AndroidManifest.xml:29:17-67
212        </provider>
213
214        <service
214-->[:expo-notifications] AndroidManifest.xml:11:9-17:19
215            android:name="expo.modules.notifications.service.ExpoFirebaseMessagingService"
215-->[:expo-notifications] AndroidManifest.xml:12:13-91
216            android:exported="false" >
216-->[:expo-notifications] AndroidManifest.xml:13:13-37
217            <intent-filter android:priority="-1" >
217-->[:react-native-firebase_messaging] AndroidManifest.xml:18:13-20:29
218                <action android:name="com.google.firebase.MESSAGING_EVENT" />
218-->[:react-native-firebase_messaging] AndroidManifest.xml:19:17-78
218-->[:react-native-firebase_messaging] AndroidManifest.xml:19:25-75
219            </intent-filter>
220        </service>
221
222        <receiver
222-->[:expo-notifications] AndroidManifest.xml:19:9-31:20
223            android:name="expo.modules.notifications.service.NotificationsService"
223-->[:expo-notifications] AndroidManifest.xml:20:13-83
224            android:enabled="true"
224-->[:expo-notifications] AndroidManifest.xml:21:13-35
225            android:exported="false" >
225-->[:expo-notifications] AndroidManifest.xml:22:13-37
226            <intent-filter android:priority="-1" >
226-->[:expo-notifications] AndroidManifest.xml:23:13-30:29
226-->[:expo-notifications] AndroidManifest.xml:23:28-49
227                <action android:name="expo.modules.notifications.NOTIFICATION_EVENT" />
227-->[:expo-notifications] AndroidManifest.xml:24:17-88
227-->[:expo-notifications] AndroidManifest.xml:24:25-85
228                <action android:name="android.intent.action.BOOT_COMPLETED" />
228-->[:expo-notifications] AndroidManifest.xml:25:17-79
228-->[:expo-notifications] AndroidManifest.xml:25:25-76
229                <action android:name="android.intent.action.REBOOT" />
229-->[:expo-notifications] AndroidManifest.xml:26:17-71
229-->[:expo-notifications] AndroidManifest.xml:26:25-68
230                <action android:name="android.intent.action.QUICKBOOT_POWERON" />
230-->[:expo-notifications] AndroidManifest.xml:27:17-82
230-->[:expo-notifications] AndroidManifest.xml:27:25-79
231                <action android:name="com.htc.intent.action.QUICKBOOT_POWERON" />
231-->[:expo-notifications] AndroidManifest.xml:28:17-82
231-->[:expo-notifications] AndroidManifest.xml:28:25-79
232                <action android:name="android.intent.action.MY_PACKAGE_REPLACED" />
232-->[:expo-notifications] AndroidManifest.xml:29:17-84
232-->[:expo-notifications] AndroidManifest.xml:29:25-81
233            </intent-filter>
234        </receiver>
235
236        <activity
236-->[:expo-notifications] AndroidManifest.xml:33:9-40:75
237            android:name="expo.modules.notifications.service.NotificationForwarderActivity"
237-->[:expo-notifications] AndroidManifest.xml:34:13-92
238            android:excludeFromRecents="true"
238-->[:expo-notifications] AndroidManifest.xml:35:13-46
239            android:exported="false"
239-->[:expo-notifications] AndroidManifest.xml:36:13-37
240            android:launchMode="standard"
240-->[:expo-notifications] AndroidManifest.xml:37:13-42
241            android:noHistory="true"
241-->[:expo-notifications] AndroidManifest.xml:38:13-37
242            android:taskAffinity=""
242-->[:expo-notifications] AndroidManifest.xml:39:13-36
243            android:theme="@android:style/Theme.Translucent.NoTitleBar" />
243-->[:expo-notifications] AndroidManifest.xml:40:13-72
244
245        <meta-data
245-->[:expo-modules-core] AndroidManifest.xml:8:9-10:89
246            android:name="org.unimodules.core.AppLoader#react-native-headless"
246-->[:expo-modules-core] AndroidManifest.xml:9:13-79
247            android:value="expo.modules.adapters.react.apploader.RNHeadlessAppLoader" />
247-->[:expo-modules-core] AndroidManifest.xml:10:13-86
248
249        <provider
249-->[com.github.CanHub:Android-Image-Cropper:4.3.0] AndroidManifest.xml:23:9-31:20
250            android:name="com.canhub.cropper.CropFileProvider"
250-->[com.github.CanHub:Android-Image-Cropper:4.3.0] AndroidManifest.xml:24:13-63
251            android:authorities="com.tovelop.maphant.cropper.fileprovider"
251-->[com.github.CanHub:Android-Image-Cropper:4.3.0] AndroidManifest.xml:25:13-72
252            android:exported="false"
252-->[com.github.CanHub:Android-Image-Cropper:4.3.0] AndroidManifest.xml:26:13-37
253            android:grantUriPermissions="true" >
253-->[com.github.CanHub:Android-Image-Cropper:4.3.0] AndroidManifest.xml:27:13-47
254            <meta-data
254-->[:expo-file-system] AndroidManifest.xml:27:13-29:70
255                android:name="android.support.FILE_PROVIDER_PATHS"
255-->[:expo-file-system] AndroidManifest.xml:28:17-67
256                android:resource="@xml/library_file_paths" />
256-->[:expo-file-system] AndroidManifest.xml:29:17-67
257        </provider> <!-- This is here because the library did not update yet to Android 12 so we force the exported value when merging manifests -->
258        <activity
258-->[com.github.CanHub:Android-Image-Cropper:4.3.0] AndroidManifest.xml:38:9-45:20
259            android:name="androidx.test.core.app.InstrumentationActivityInvoker$BootstrapActivity"
259-->[com.github.CanHub:Android-Image-Cropper:4.3.0] AndroidManifest.xml:39:13-99
260            android:exported="true"
260-->[com.github.CanHub:Android-Image-Cropper:4.3.0] AndroidManifest.xml:40:13-36
261            android:theme="@android:style/Theme" >
261-->[com.github.CanHub:Android-Image-Cropper:4.3.0] AndroidManifest.xml:41:13-49
262            <intent-filter>
262-->[com.github.CanHub:Android-Image-Cropper:4.3.0] AndroidManifest.xml:42:13-44:29
263                <action android:name="android.intent.action.MAIN" />
263-->src/main/AndroidManifest.xml:23:9-60
263-->src/main/AndroidManifest.xml:23:17-58
264            </intent-filter>
265        </activity>
266        <activity
266-->[com.github.CanHub:Android-Image-Cropper:4.3.0] AndroidManifest.xml:46:9-53:20
267            android:name="androidx.test.core.app.InstrumentationActivityInvoker$EmptyActivity"
267-->[com.github.CanHub:Android-Image-Cropper:4.3.0] AndroidManifest.xml:47:13-95
268            android:exported="true"